"2132A","001","Failed to find deeds"
"2132B","001","Failed to find deeds"
"2133A","005","Failed to find deeds"
"2133A","012","Failed to find deeds"
"2133A","024","Failed to find deeds"
"2134A","007","Failed to find deeds"
"2134A","013","Failed to find deeds"
"2135","001H","Failed to find deeds"
"2135","001I","Failed to find deeds"
"2134B","007","Failed to find deeds"
"2134B","009","Failed to find deeds"
"2135","001D","Failed to find deeds"
"2135","003A","Failed to find deeds"
"2135","014","Failed to find deeds"
"2136","001B","Failed to find deeds"
"2136","005","Failed to find deeds"
"2136","007G","Failed to find deeds"
"2136","009","Failed to find deeds"
"2136","011","Failed to find deeds"
"2137","002C","Failed to find deeds"
"2137","002K","Failed to find deeds"
"2137","002O","Failed to find deeds"
"2137","002S","Failed to find deeds"
"2137","002X","Failed to find deeds"
"2137","009","Failed to find deeds"
"2138","001","Failed to find deeds"
"2138","001B","Failed to find deeds"
"2138","004","Failed to find deeds"
"2138","006D","Failed to find deeds"
"2138","006F","Failed to find deeds"
"2138","006I","Failed to find deeds"
"2138","006L","Failed to find deeds"
"2138","007","Failed to find deeds"
"2138","020","Failed to find deeds"
"2138","024","Failed to find deeds"
"2138","031","Failed to find deeds"
"2138","034","Failed to find deeds"
"2138","035","Failed to find deeds"
"2139","001F","Failed to find deeds"
"2139","002","Failed to find deeds"
"2139","021A","Failed to find deeds"
"2139","021I","Failed to find deeds"
"2139","025","Failed to find deeds"
"2139","026","Failed to find deeds"
"2140","003","Failed to find deeds"
"2140","004B","Failed to find deeds"
"2140","007","Failed to find deeds"
"2140","008","Failed to find deeds"
"2140","013","Failed to find deeds"
"2140","013A","Failed to find deeds"
"2140","013B","Failed to find deeds"
"2140","015H","Failed to find deeds"
"2140","016","Failed to find deeds"
"2140","016G","Failed to find deeds"
"2141","001A","Failed to find deeds"
"2141","001C","Failed to find deeds"
"2141","001H","Failed to find deeds"
"2141","002","Failed to find deeds"
"2141","007A","Failed to find deeds"
"2141","007C","Failed to find deeds"
"2141","014B","Failed to find deeds"
"2142","004A","Failed to find deeds"
"2142","008","Failed to find deeds"
"2143","005","'Reel'"
"2143","007","Failed to find deeds"
"2143","049","Failed to find deeds"
"2143","050","Failed to find deeds"
"2148","005","Failed to find deeds"
"2148","008","Failed to find deeds"
"2148","011","Failed to find deeds"
"2148","017","Failed to find deeds"
"2148","041","Failed to find deeds"
"2148","045","Failed to find deeds"
"2148","052","Failed to find deeds"
"2149","002A","Failed to find deeds"
"2149","002B","Failed to find deeds"
"2149","003M","Failed to find deeds"
"2149","014","Failed to find deeds"
"2149","015","Failed to find deeds"
"2150","001A","Failed to find deeds"
"2150","004","Failed to find deeds"
"2150","005","Failed to find deeds"
"2150","014","Failed to find deeds"
"2150","015B","Failed to find deeds"
"2151","006","Failed to find deeds"
"2151","008","Failed to find deeds"
"2151","013","Failed to find deeds"
"2151","018","Failed to find parties for deed /cgi-bin/new_get_recorded.cgi?l_doc_ref_no=6301968&COUNTY=sanfrancisco&YEARSEGMENT=current&SEARCH_TYPE=DETAIL_N"
"2151","029","Failed to find deeds"
"2151","034","Failed to find parties for deed /cgi-bin/new_get_recorded.cgi?l_doc_ref_no=3390883&COUNTY=sanfrancisco&YEARSEGMENT=current&SEARCH_TYPE=DETAIL_N"
"2151","039","Failed to find deeds"
"2151","048","Failed to find deeds"
"2151","053","Failed to find deeds"
"2151","057","Failed to find deeds"
"2152","001","Failed to find deeds"
"2152","021F","Failed to find deeds"
"2152","021J","Failed to find deeds"
"2152","021K","Failed to find deeds"
"2152","021L","Failed to find deeds"
"2152","039","Failed to find deeds"
"2155","004","Failed to find deeds"
"2155","017","Failed to find deeds"
"2155","018","Failed to find deeds"
"2155","045","Failed to find deeds"
"2155","049","Failed to find deeds"
"2156","001","Failed to find deeds"
"2161","002","Failed to find deeds"
"2161","005A","Failed to find deeds"
"2161","009","Failed to find deeds"
"2161","022A","Failed to find deeds"
"2161","022B","Failed to find deeds"
"2161","023","Failed to find deeds"
"2161","025","Failed to find deeds"
"2161","030","Failed to find deeds"
"2161","031","Failed to find deeds"
"2162","026","Failed to find deeds"
"2162","023","Failed to find deeds"
"2162","024","Failed to find deeds"
